tv-app/app/build/intermediates/manifest_merge_blame_file/debug/processDebugMainManifest/manifest-merger-blame-debug-report.txt
1<?xml version="1.0" encoding="utf-8"?>
2<manifest xmlns:android="http://schemas.android.com/apk/res/android"
3    package="com.tunisianprayertimes.tv.dev"
4    android:versionCode="1"
5    android:versionName="1.0" >
6
7    <uses-sdk
7-->INJECTED
8        android:minSdkVersion="26"
8-->INJECTED
9        android:targetSdkVersion="36" />
9-->INJECTED
10
11    <!-- Keep screen on -->
12    <uses-permission android:name="android.permission.WAKE_LOCK" />
12-->src/main/AndroidManifest.xml:5:5-68
12-->src/main/AndroidManifest.xml:5:22-65
13    <!-- Boot completed to auto-start -->
14    <uses-permission android:name="android.permission.RECEIVE_BOOT_COMPLETED" />
14-->src/main/AndroidManifest.xml:7:5-81
14-->src/main/AndroidManifest.xml:7:22-78
15    <!-- Read custom backgrounds & announcements from external storage -->
16    <uses-permission
16-->src/main/AndroidManifest.xml:9:5-10:38
17        android:name="android.permission.READ_EXTERNAL_STORAGE"
17-->src/main/AndroidManifest.xml:9:22-77
18        android:maxSdkVersion="32" />
18-->src/main/AndroidManifest.xml:10:9-35
19    <uses-permission android:name="android.permission.READ_MEDIA_IMAGES" />
19-->src/main/AndroidManifest.xml:11:5-76
19-->src/main/AndroidManifest.xml:11:22-73
20    <!-- OTA data update -->
21    <uses-permission android:name="android.permission.INTERNET" />
21-->src/main/AndroidManifest.xml:13:5-67
21-->src/main/AndroidManifest.xml:13:22-64
22
23    <!-- Declare this is a TV app -->
24    <uses-feature
24-->src/main/AndroidManifest.xml:16:5-18:35
25        android:name="android.software.leanback"
25-->src/main/AndroidManifest.xml:17:9-49
26        android:required="true" />
26-->src/main/AndroidManifest.xml:18:9-32
27    <!-- TV apps don't require touchscreen -->
28    <uses-feature
28-->src/main/AndroidManifest.xml:20:5-22:36
29        android:name="android.hardware.touchscreen"
29-->src/main/AndroidManifest.xml:21:9-52
30        android:required="false" />
30-->src/main/AndroidManifest.xml:22:9-33
31
32    <permission
32-->[androidx.core:core:1.16.0] AndroidManifest.xml:22:5-24:47
33        android:name="com.tunisianprayertimes.tv.dev.DYNAMIC_RECEIVER_NOT_EXPORTED_PERMISSION"
33-->[androidx.core:core:1.16.0] AndroidManifest.xml:23:9-81
34        android:protectionLevel="signature" />
34-->[androidx.core:core:1.16.0] AndroidManifest.xml:24:9-44
35
36    <uses-permission android:name="com.tunisianprayertimes.tv.dev.DYNAMIC_RECEIVER_NOT_EXPORTED_PERMISSION" />
36-->[androidx.core:core:1.16.0] AndroidManifest.xml:26:5-97
36-->[androidx.core:core:1.16.0] AndroidManifest.xml:26:22-94
37
38    <application
38-->src/main/AndroidManifest.xml:24:5-56:19
39        android:allowBackup="true"
39-->src/main/AndroidManifest.xml:25:9-35
40        android:appComponentFactory="androidx.core.app.CoreComponentFactory"
40-->[androidx.core:core:1.16.0] AndroidManifest.xml:28:18-86
41        android:banner="@drawable/tv_banner"
41-->src/main/AndroidManifest.xml:26:9-45
42        android:debuggable="true"
43        android:extractNativeLibs="false"
43-->INJECTED
44        android:icon="@mipmap/ic_launcher"
44-->src/main/AndroidManifest.xml:27:9-43
45        android:label="@string/app_name"
45-->src/main/AndroidManifest.xml:28:9-41
46        android:layoutDirection="rtl"
46-->src/main/AndroidManifest.xml:29:9-38
47        android:requestLegacyExternalStorage="true"
47-->src/main/AndroidManifest.xml:30:9-52
48        android:supportsRtl="true"
48-->src/main/AndroidManifest.xml:31:9-35
49        android:theme="@style/Theme.TunisianPrayerTimesTV" >
49-->src/main/AndroidManifest.xml:32:9-59
50        <activity
50-->src/main/AndroidManifest.xml:34:9-44:20
51            android:name="com.tunisianprayertimes.tv.MainActivity"
51-->src/main/AndroidManifest.xml:35:13-41
52            android:configChanges="orientation|screenSize|screenLayout|smallestScreenSize"
52-->src/main/AndroidManifest.xml:39:13-91
53            android:exported="true"
53-->src/main/AndroidManifest.xml:36:13-36
54            android:keepScreenOn="true"
54-->src/main/AndroidManifest.xml:38:13-40
55            android:screenOrientation="landscape" >
55-->src/main/AndroidManifest.xml:37:13-50
56            <intent-filter>
56-->src/main/AndroidManifest.xml:40:13-43:29
57                <action android:name="android.intent.action.MAIN" />
57-->src/main/AndroidManifest.xml:41:17-69
57-->src/main/AndroidManifest.xml:41:25-66
58
59                <category android:name="android.intent.category.LEANBACK_LAUNCHER" />
59-->src/main/AndroidManifest.xml:42:17-86
59-->src/main/AndroidManifest.xml:42:27-83
60            </intent-filter>
61        </activity>
62
63        <!-- Auto-start on boot -->
64        <receiver
64-->src/main/AndroidManifest.xml:47:9-54:20
65            android:name="com.tunisianprayertimes.tv.BootReceiver"
65-->src/main/AndroidManifest.xml:48:13-41
66            android:exported="true" >
66-->src/main/AndroidManifest.xml:49:13-36
67            <intent-filter>
67-->src/main/AndroidManifest.xml:50:13-53:29
68                <action android:name="android.intent.action.BOOT_COMPLETED" />
68-->src/main/AndroidManifest.xml:51:17-79
68-->src/main/AndroidManifest.xml:51:25-76
69                <action android:name="android.intent.action.MY_PACKAGE_REPLACED" />
69-->src/main/AndroidManifest.xml:52:17-84
69-->src/main/AndroidManifest.xml:52:25-81
70            </intent-filter>
71        </receiver>
72
73        <provider
73-->[org.jetbrains.compose.components:components-resources-android:1.10.3] AndroidManifest.xml:8:9-13:20
74            android:name="org.jetbrains.compose.resources.AndroidContextProvider"
74-->[org.jetbrains.compose.components:components-resources-android:1.10.3] AndroidManifest.xml:9:13-82
75            android:authorities="com.tunisianprayertimes.tv.dev.resources.AndroidContextProvider"
75-->[org.jetbrains.compose.components:components-resources-android:1.10.3] AndroidManifest.xml:10:13-84
76            android:enabled="true"
76-->[org.jetbrains.compose.components:components-resources-android:1.10.3] AndroidManifest.xml:11:13-35
77            android:exported="false" >
77-->[org.jetbrains.compose.components:components-resources-android:1.10.3] AndroidManifest.xml:12:13-37
78        </provider>
79
80        <activity
80-->[androidx.compose.ui:ui-tooling-android:1.10.5] AndroidManifest.xml:23:9-25:39
81            android:name="androidx.compose.ui.tooling.PreviewActivity"
81-->[androidx.compose.ui:ui-tooling-android:1.10.5] AndroidManifest.xml:24:13-71
82            android:exported="true" />
82-->[androidx.compose.ui:ui-tooling-android:1.10.5] AndroidManifest.xml:25:13-36
83
84        <uses-library
84-->[androidx.window:window:1.5.0] AndroidManifest.xml:23:9-25:40
85            android:name="androidx.window.extensions"
85-->[androidx.window:window:1.5.0] AndroidManifest.xml:24:13-54
86            android:required="false" />
86-->[androidx.window:window:1.5.0] AndroidManifest.xml:25:13-37
87        <uses-library
87-->[androidx.window:window:1.5.0] AndroidManifest.xml:26:9-28:40
88            android:name="androidx.window.sidecar"
88-->[androidx.window:window:1.5.0] AndroidManifest.xml:27:13-51
89            android:required="false" />
89-->[androidx.window:window:1.5.0] AndroidManifest.xml:28:13-37
90
91        <provider
91-->[androidx.emoji2:emoji2:1.4.0] AndroidManifest.xml:24:9-32:20
92            android:name="androidx.startup.InitializationProvider"
92-->[androidx.emoji2:emoji2:1.4.0] AndroidManifest.xml:25:13-67
93            android:authorities="com.tunisianprayertimes.tv.dev.androidx-startup"
93-->[androidx.emoji2:emoji2:1.4.0] AndroidManifest.xml:26:13-68
94            android:exported="false" >
94-->[androidx.emoji2:emoji2:1.4.0] AndroidManifest.xml:27:13-37
95            <meta-data
95-->[androidx.emoji2:emoji2:1.4.0] AndroidManifest.xml:29:13-31:52
96                android:name="androidx.emoji2.text.EmojiCompatInitializer"
96-->[androidx.emoji2:emoji2:1.4.0] AndroidManifest.xml:30:17-75
97                android:value="androidx.startup" />
97-->[androidx.emoji2:emoji2:1.4.0] AndroidManifest.xml:31:17-49
98            <meta-data
98-->[androidx.lifecycle:lifecycle-process:2.9.4] AndroidManifest.xml:29:13-31:52
99                android:name="androidx.lifecycle.ProcessLifecycleInitializer"
99-->[androidx.lifecycle:lifecycle-process:2.9.4] AndroidManifest.xml:30:17-78
100                android:value="androidx.startup" />
100-->[androidx.lifecycle:lifecycle-process:2.9.4] AndroidManifest.xml:31:17-49
101            <meta-data
101-->[androidx.profileinstaller:profileinstaller:1.4.0] AndroidManifest.xml:29:13-31:52
102                android:name="androidx.profileinstaller.ProfileInstallerInitializer"
102-->[androidx.profileinstaller:profileinstaller:1.4.0] AndroidManifest.xml:30:17-85
103                android:value="androidx.startup" />
103-->[androidx.profileinstaller:profileinstaller:1.4.0] AndroidManifest.xml:31:17-49
104        </provider>
105
106        <receiver
106-->[androidx.profileinstaller:profileinstaller:1.4.0] AndroidManifest.xml:34:9-52:20
107            android:name="androidx.profileinstaller.ProfileInstallReceiver"
107-->[androidx.profileinstaller:profileinstaller:1.4.0] AndroidManifest.xml:35:13-76
108            android:directBootAware="false"
108-->[androidx.profileinstaller:profileinstaller:1.4.0] AndroidManifest.xml:36:13-44
109            android:enabled="true"
109-->[androidx.profileinstaller:profileinstaller:1.4.0] AndroidManifest.xml:37:13-35
110            android:exported="true"
110-->[androidx.profileinstaller:profileinstaller:1.4.0] AndroidManifest.xml:38:13-36
111            android:permission="android.permission.DUMP" >
111-->[androidx.profileinstaller:profileinstaller:1.4.0] AndroidManifest.xml:39:13-57
112            <intent-filter>
112-->[androidx.profileinstaller:profileinstaller:1.4.0] AndroidManifest.xml:40:13-42:29
113                <action android:name="androidx.profileinstaller.action.INSTALL_PROFILE" />
113-->[androidx.profileinstaller:profileinstaller:1.4.0] AndroidManifest.xml:41:17-91
113-->[androidx.profileinstaller:profileinstaller:1.4.0] AndroidManifest.xml:41:25-88
114            </intent-filter>
115            <intent-filter>
115-->[androidx.profileinstaller:profileinstaller:1.4.0] AndroidManifest.xml:43:13-45:29
116                <action android:name="androidx.profileinstaller.action.SKIP_FILE" />
116-->[androidx.profileinstaller:profileinstaller:1.4.0] AndroidManifest.xml:44:17-85
116-->[androidx.profileinstaller:profileinstaller:1.4.0] AndroidManifest.xml:44:25-82
117            </intent-filter>
118            <intent-filter>
118-->[androidx.profileinstaller:profileinstaller:1.4.0] AndroidManifest.xml:46:13-48:29
119                <action android:name="androidx.profileinstaller.action.SAVE_PROFILE" />
119-->[androidx.profileinstaller:profileinstaller:1.4.0] AndroidManifest.xml:47:17-88
119-->[androidx.profileinstaller:profileinstaller:1.4.0] AndroidManifest.xml:47:25-85
120            </intent-filter>
121            <intent-filter>
121-->[androidx.profileinstaller:profileinstaller:1.4.0] AndroidManifest.xml:49:13-51:29
122                <action android:name="androidx.profileinstaller.action.BENCHMARK_OPERATION" />
122-->[androidx.profileinstaller:profileinstaller:1.4.0] AndroidManifest.xml:50:17-95
122-->[androidx.profileinstaller:profileinstaller:1.4.0] AndroidManifest.xml:50:25-92
123            </intent-filter>
124        </receiver>
125    </application>
126
127</manifest>